ADAU145X Assembler, Analog Devices Inc.
Version: 4.5.0,1779  (built 10/28/2019)

##### Compile Started: Sunday, May 17, 2020 10:06:59 PM #####
ADAU145X Assembler, Analog Devices Inc.
Version: 4.5.0,1779  (built 10/28/2019)

##### Compile Started: Sunday, May 17, 2020 10:06:59 PM #####
##### Compile succeeded:  0 errors, 0 warnings #####

##### Summary #####
DM0 RAM used:       00185    (of 40960)
DM1 RAM used:       00239    (of 40960)
PM  RAM used(Data): 00000    (of 24576)
PM  RAM used(Inst): 00570    (of 24576) 433 instructions (32bit: 296  64bit: 137)
Total PM used:      00570    (of 24576)

--------------------------------------------------------------------------------------
STREAM                        Inst      Inst      DM0     DM1     PM
Instance                      (cycles)  (size)    
--------------------------------------------------------------------------------------
STACK                          -         -        16      0       0       
Crossover1                    110       154       92      110     0
FRAMEWORK                     70        52        16      8       0
Crossover2                    31        45        18      33      0
HighOrder2                    23        40        5       20      0
HighOrder1                    23        40        5       20      0
MX1_2                         18        24        5       2       0
MX1                           18        24        5       2       0
Mid Filter1                   9         16        5       10      0
Single 1                      10        13        3       2       0
Slew vol 1_2                  11        13        0       4       0
Slew vol 1                    11        13        0       4       0
S Splitter1                   12        12        2       2       0
Output1                       12        12        0       0       0
                              10        10        2       3       0
Input1                        8         8         0       4       0
Nx1 Linear1                   6         7         2       0       0
Shift1                        4         4         1       1       0
ADC In1_2                     4         4         0       1       0
MP7                           4         4         0       1       0
MP15                          4         4         0       1       0
ADC In1                       4         4         0       1       0
ReadBack1_2                   3         3         1       1       0
ReadBack1_4                   3         3         1       1       0
ReadBack1_3                   3         3         1       1       0
ReadBack1                     3         3         1       1       0
AsrcIn1                       3         3         0       2       0
--------------------------------------------------------------------------------------
Total                         417       518       181     235     0
--------------------------------------------------------------------------------------
(% Fs=48.0kHz)                7%        3%        1%      1%      0%

